<?xml version="1.0" encoding="UTF-8"?>
<TestRun id="bcf2585a-f5a3-46bd-9438-0663347242a6" name="sony@VAIO 2016-05-30 16:10:46" runUser="VAIO\sony" xmlns="http://microsoft.com/schemas/VisualStudio/TeamTest/2010">
  <TestSettings name="Local" id="1a4cbc7c-0d3e-4245-85d7-caec3a6445b3">
    <Description>These are default test settings for a local test run.</Description>
    <Deployment enabled="false" runDeploymentRoot="sony_VAIO 2016-05-30 16_10_46">
      <DeploymentItem filename="E:\Uni\DP1\Battleship\CarbTeam\bin\Debug\MyGame.exe" />
      <DeploymentItem filename="E:\Uni\DP1\Battleship\CarbTeam\lib\SwinGame.dll" />
    </Deployment>
    <Execution>
      <TestTypeSpecific />
      <AgentRule name="Execution Agents">
      </AgentRule>
    </Execution>
  </TestSettings>
  <Times creation="2016-05-30T16:10:46.2059039+10:00" queuing="2016-05-30T16:10:47.0117061+10:00" start="2016-05-30T16:10:47.1527983+10:00" finish="2016-05-30T16:10:47.5329798+10:00" />
  <ResultSummary outcome="Failed">
    <Counters total="1" executed="1" error="0" failed="1" timeout="0" aborted="0" inconclusive="0" passedButRunAborted="0" notRunnable="0" notExecuted="0" disconnected="0" warning="0" passed="0" completed="0" inProgress="0" pending="0" />
  </ResultSummary>
  <TestDefinitions>
    <UnitTest name="StartGameTest" storage="e:\uni\dp1\battleship\carbteam\testproject1\bin\debug\testproject1.dll" id="fa52a8e5-d7cd-5088-bff8-54c3a114f03b">
      <Execution id="ceb11143-6155-4290-a111-25130d497e18" />
      <TestMethod codeBase="E:/Uni/DP1/Battleship/CarbTeam/TestProject1/bin/Debug/TestProject1.DLL" adapterTypeName="Microsoft.VisualStudio.TestTools.TestTypes.Unit.UnitTestAdapter, Microsoft.VisualStudio.QualityTools.Tips.UnitTest.Adapter, Version=10.0.0.0, Culture=neutral, PublicKeyToken=b03f5f7f11d50a3a" className="TestProject1.GameControllerTest, TestProject1, Version=1.0.0.0, Culture=neutral, PublicKeyToken=null" name="StartGameTest" />
    </UnitTest>
  </TestDefinitions>
  <TestLists>
    <TestList name="Results Not in a List" id="8c84fa94-04c1-424b-9868-57a2d4851a1d" />
    <TestList name="All Loaded Results" id="19431567-8539-422a-85d7-44ee4e166bda" />
  </TestLists>
  <TestEntries>
    <TestEntry testId="fa52a8e5-d7cd-5088-bff8-54c3a114f03b" executionId="ceb11143-6155-4290-a111-25130d497e18" testListId="8c84fa94-04c1-424b-9868-57a2d4851a1d" />
  </TestEntries>
  <Results>
    <UnitTestResult executionId="ceb11143-6155-4290-a111-25130d497e18" testId="fa52a8e5-d7cd-5088-bff8-54c3a114f03b" testName="StartGameTest" computerName="VAIO" duration="00:00:00.0860003" startTime="2016-05-30T16:10:47.1968296+10:00" endTime="2016-05-30T16:10:47.4589305+10:00" testType="13cdc9d9-ddb5-4fa4-a97d-d965ccfc6d4b" outcome="Failed" testListId="8c84fa94-04c1-424b-9868-57a2d4851a1d" relativeResultsDirectory="ceb11143-6155-4290-a111-25130d497e18">
      <Output>
        <ErrorInfo>
          <Message>Test method TestProject1.GameControllerTest.StartGameTest threw exception: 
System.TypeInitializationException: The type initializer for 'UtilityFunctions' threw an exception. ---&gt; System.TypeInitializationException: The type initializer for 'SwinGameSDK.sgLibrary' threw an exception. ---&gt; System.DllNotFoundException: Unable to load DLL 'sgsdk.dll': The specified module could not be found. (Exception from HRESULT: 0x8007007E)</Message>
          <StackTrace>    at SwinGameSDK.sgLibrary.DLL_sg_Utils_ExceptionOccured()
   at SwinGameSDK.sgLibrary.sg_Resources_SetAppPathWithExe(String path, Int32 withExe)
   at SwinGameSDK.Resources.SetAppPath(String path, Boolean withExe)
   at SwinGameSDK.sgLibrary..cctor()
 --- End of inner exception stack trace ---
    at SwinGameSDK.sgLibrary.sg_Graphics_RGBAColor(Byte red, Byte green, Byte blue, Byte alpha)
   at SwinGameSDK.SwinGame.RGBAColor(Byte red, Byte green, Byte blue, Byte alpha)
   at UtilityFunctions..cctor() in E:\Uni\DP1\Battleship\CarbTeam\src\UtilityFunctions.cs:line 27
 --- End of inner exception stack trace ---
    at UtilityFunctions.set_Message(String value)
   at GameController.AddNewState(GameState state) in E:\Uni\DP1\Battleship\CarbTeam\src\GameController.cs:line 353
   at GameController.StartGame() in E:\Uni\DP1\Battleship\CarbTeam\src\GameController.cs:line 99
   at TestProject1.GameControllerTest.StartGameTest() in E:\Uni\DP1\Battleship\CarbTeam\TestProject1\GameControllerTest.cs:line 72
</StackTrace>
        </ErrorInfo>
      </Output>
    </UnitTestResult>
  </Results>
</TestRun>